<?xml version="1.0" encoding="UTF-8"?>
<!-- Generated by org.testng.reporters.JUnitXMLReporter -->
<testsuite ignored="0" hostname="LAPTOP-JAC54OU6" failures="0" tests="6" name="Checking" time="0.088" errors="0" timestamp="2021-09-19T18:15:48 IST">
  <testcase classname="test.day1" name="abc" time="0.011"/>
  <testcase classname="test.day1" name="demo" time="0.002"/>
  <testcase classname="test.day1" name="demos" time="0.002"/>
  <testcase classname="test.day1" name="demos" time="0.002"/>
  <testcase classname="test.day1" name="demos" time="0.002"/>
  <testcase classname="test.day1" name="qwr" time="0.002"/>
</testsuite> <!-- Checking -->
