<?xml version="1.0" encoding="UTF-8"?>
<!-- Generated by org.testng.reporters.JUnitXMLReporter -->
<testsuite ignored="0" hostname="LAPTOP-JAC54OU6" failures="0" tests="13" name="Fulpackage" time="0.103" errors="0" timestamp="2021-09-19T15:55:32 IST">
  <testcase classname="test.day2" name="cool" time="0.011"/>
  <testcase classname="test.day2" name="first" time="0.002"/>
  <testcase classname="test.day2" name="home1" time="0.001"/>
  <testcase classname="test.day2" name="home2" time="0.001"/>
  <testcase classname="test.day2" name="home3" time="0.002"/>
  <testcase classname="test.day2" name="last" time="0.001"/>
  <testcase classname="test.day1" name="demo" time="0.001"/>
  <testcase classname="test.day1" name="abc" time="0.002"/>
  <testcase classname="test.day1" name="demos" time="0.001"/>
  <testcase classname="test.day1" name="qwr" time="0.002"/>
  <testcase classname="test.day3" name="one" time="0.001"/>
  <testcase classname="test.day3" name="three" time="0.001"/>
  <testcase classname="test.day3" name="two" time="0.002"/>
</testsuite> <!-- Fulpackage -->
