<?xml version="1.0" encoding="UTF-8"?>
<!-- Generated by org.testng.reporters.JUnitXMLReporter -->
<testsuite ignored="3" hostname="LAPTOP-JAC54OU6" failures="0" tests="10" name="Regression" time="0.101" errors="0" timestamp="2021-09-19T15:21:06 IST">
  <testcase classname="test.day1" name="abc" time="0.008"/>
  <testcase classname="test.day1" name="demo" time="0.001"/>
  <testcase classname="test.day1" name="qwr" time="0.002"/>
  <testcase classname="test.day2" name="cool" time="0.002"/>
  <testcase classname="test.day2" name="first" time="0.002"/>
  <testcase classname="test.day2" name="home2" time="0.001"/>
  <testcase classname="test.day2" name="home3" time="0.002"/>
  <testcase classname="test.day2" name="last" time="0.002"/>
  <testcase classname="test.day3" name="one" time="0.001"/>
  <testcase classname="test.day3" name="two" time="0.001"/>
  <testcase classname="test.day3" name="three" time="0.0">
    <ignored/>
  </testcase> <!-- three -->
  <testcase classname="test.day4" name="demo" time="0.0">
    <ignored/>
  </testcase> <!-- demo -->
  <testcase classname="test.day2" name="home1" time="0.0">
    <ignored/>
  </testcase> <!-- home1 -->
</testsuite> <!-- Regression -->
