<?xml version="1.0" encoding="UTF-8"?>
<testng-results ignored="0" total="6" passed="5" failed="1" skipped="0">
  <reporter-output>
  </reporter-output>
  <suite started-at="2021-09-19T18:48:40 IST" name="Suite" finished-at="2021-09-19T18:48:40 IST" duration-ms="89">
    <groups>
    </groups>
    <test started-at="2021-09-19T18:48:40 IST" name="yavdadru" finished-at="2021-09-19T18:48:40 IST" duration-ms="89">
      <class name="test.day1">
        <test-method signature="abc(java.lang.String)[pri:0, instance:test.day1@11bd0f3b]" started-at="2021-09-19T18:48:40 IST" name="abc" finished-at="2021-09-19T18:48:40 IST" duration-ms="0" status="FAIL">
          <exception class="org.testng.TestNGException">
            <message>
              <![CDATA[
Parameter 'URL' is required by @Test on method abc but has not been marked @Optional or defined
in D:\work\selenium learning workspace\eclipse_projects\RahulTestNGtutorial\beforeafter3.xml]]>
            </message>
            <full-stacktrace>
              <![CDATA[org.testng.TestNGException: 
Parameter 'URL' is required by @Test on method abc but has not been marked @Optional or defined
in D:\work\selenium learning workspace\eclipse_projects\RahulTestNGtutorial\beforeafter3.xml
at org.testng.internal.Parameters.createParams(Parameters.java:270)
at org.testng.internal.Parameters.createParametersForMethod(Parameters.java:358)
at org.testng.internal.Parameters.createParameters(Parameters.java:700)
at org.testng.internal.Parameters.handleParameters(Parameters.java:884)
at org.testng.internal.Parameters.handleParameters(Parameters.java:740)
at org.testng.internal.ParameterHandler.handleParameters(ParameterHandler.java:59)
at org.testng.internal.ParameterHandler.createParameters(ParameterHandler.java:38)
at org.testng.internal.TestInvoker$MethodInvocationAgent.invoke(TestInvoker.java:791)
at org.testng.internal.TestInvoker.invokeTestMethods(TestInvoker.java:146)
at org.testng.internal.TestMethodWorker.invokeTestMethods(TestMethodWorker.java:146)
at org.testng.internal.TestMethodWorker.run(TestMethodWorker.java:128)
at java.base/java.util.ArrayList.forEach(ArrayList.java:1511)
at org.testng.TestRunner.privateRun(TestRunner.java:794)
at org.testng.TestRunner.run(TestRunner.java:596)
at org.testng.SuiteRunner.runTest(SuiteRunner.java:377)
at org.testng.SuiteRunner.runSequentially(SuiteRunner.java:371)
at org.testng.SuiteRunner.privateRun(SuiteRunner.java:332)
at org.testng.SuiteRunner.run(SuiteRunner.java:276)
at org.testng.SuiteRunnerWorker.runSuite(SuiteRunnerWorker.java:53)
at org.testng.SuiteRunnerWorker.run(SuiteRunnerWorker.java:96)
at org.testng.TestNG.runSuitesSequentially(TestNG.java:1212)
at org.testng.TestNG.runSuitesLocally(TestNG.java:1134)
at org.testng.TestNG.runSuites(TestNG.java:1063)
at org.testng.TestNG.run(TestNG.java:1031)
at org.testng.remote.AbstractRemoteTestNG.run(AbstractRemoteTestNG.java:115)
at org.testng.remote.RemoteTestNG.initAndRun(RemoteTestNG.java:251)
at org.testng.remote.RemoteTestNG.main(RemoteTestNG.java:77)
]]>
            </full-stacktrace>
          </exception> <!-- org.testng.TestNGException -->
          <reporter-output>
          </reporter-output>
        </test-method> <!-- abc -->
        <test-method signature="demo()[pri:0, instance:test.day1@11bd0f3b]" started-at="2021-09-19T18:48:40 IST" name="demo" finished-at="2021-09-19T18:48:40 IST" duration-ms="5" status="PASS">
          <reporter-output>
          </reporter-output>
        </test-method> <!-- demo -->
        <test-method signature="demos(java.lang.String,java.lang.String)[pri:0, instance:test.day1@11bd0f3b]" started-at="2021-09-19T18:48:40 IST" name="demos" data-provider="getData" finished-at="2021-09-19T18:48:40 IST" duration-ms="2" status="PASS">
          <params>
            <param index="0">
              <value>
                <![CDATA[firstuser]]>
              </value>
            </param>
            <param index="1">
              <value>
                <![CDATA[firstpass]]>
              </value>
            </param>
          </params>
          <reporter-output>
          </reporter-output>
        </test-method> <!-- demos -->
        <test-method signature="demos(java.lang.String,java.lang.String)[pri:0, instance:test.day1@11bd0f3b]" started-at="2021-09-19T18:48:40 IST" name="demos" data-provider="getData" finished-at="2021-09-19T18:48:40 IST" duration-ms="1" status="PASS">
          <params>
            <param index="0">
              <value>
                <![CDATA[seconduser]]>
              </value>
            </param>
            <param index="1">
              <value>
                <![CDATA[secondpass]]>
              </value>
            </param>
          </params>
          <reporter-output>
          </reporter-output>
        </test-method> <!-- demos -->
        <test-method signature="demos(java.lang.String,java.lang.String)[pri:0, instance:test.day1@11bd0f3b]" started-at="2021-09-19T18:48:40 IST" name="demos" data-provider="getData" finished-at="2021-09-19T18:48:40 IST" duration-ms="1" status="PASS">
          <params>
            <param index="0">
              <value>
                <![CDATA[thirduser]]>
              </value>
            </param>
            <param index="1">
              <value>
                <![CDATA[thirdpass]]>
              </value>
            </param>
          </params>
          <reporter-output>
          </reporter-output>
        </test-method> <!-- demos -->
        <test-method signature="qwr()[pri:0, instance:test.day1@11bd0f3b]" started-at="2021-09-19T18:48:40 IST" name="qwr" finished-at="2021-09-19T18:48:40 IST" duration-ms="2" status="PASS">
          <reporter-output>
          </reporter-output>
        </test-method> <!-- qwr -->
      </class> <!-- test.day1 -->
    </test> <!-- yavdadru -->
  </suite> <!-- Suite -->
</testng-results>
